<?xml version="1.0" encoding="UTF-8"?>
<!-- Generated by org.testng.reporters.JUnitReportReporter -->
<testsuite skipped="0" hostname="fv-az34-479" name="testCases.DeleteBlogTests" tests="2" failures="0" timestamp="2021-08-25T10:55:15 UTC" time="20.588" errors="0">
  <testcase name="deleteBlog_CheckIfBlog_s_PageDeleted" time="5.423" classname="testCases.DeleteBlogTests"/>
  <system-out/>
  <testcase name="deleteBlog_CheckIfVanishedFromAdminPage" time="15.165" classname="testCases.DeleteBlogTests"/>
  <system-out/>
</testsuite> <!-- testCases.DeleteBlogTests -->
