<?xml version="1.0" encoding="UTF-8"?>
<!-- Generated by org.testng.reporters.JUnitReportReporter -->
<testsuite hostname="DESKTOP-MCPG6KU" failures="0" tests="2" name="testCases.LogoutTests" time="2.522" errors="0" timestamp="2021-08-23T18:55:52 CEST" skipped="0">
  <testcase classname="testCases.LogoutTests" name="logOut" time="1.072"/>
  <system-out/>
  <testcase classname="testCases.LogoutTests" name="afterLogoutTryGoBackToPreviusPage" time="1.450"/>
  <system-out/>
</testsuite> <!-- testCases.LogoutTests -->
