<?xml version="1.0" encoding="UTF-8"?>
<!-- Generated by org.testng.reporters.JUnitReportReporter -->
<testsuite skipped="0" hostname="fv-az56-348" name="testCases.EditBlogTests" tests="3" failures="0" timestamp="2021-08-25T10:51:02 UTC" time="23.901" errors="0">
  <testcase name="editBlogUnSuccessTakenUrl" time="6.422" classname="testCases.EditBlogTests"/>
  <system-out/>
  <testcase name="editBlogSuccess" time="11.289" classname="testCases.EditBlogTests"/>
  <system-out/>
  <testcase name="editBlogUnSuccessBlankField" time="6.190" classname="testCases.EditBlogTests"/>
  <system-out/>
</testsuite> <!-- testCases.EditBlogTests -->
