<?xml version="1.0" encoding="UTF-8"?>
<!-- Generated by org.testng.reporters.JUnitReportReporter -->
<testsuite skipped="0" hostname="fv-az56-348" name="testCases.RegistrationTests" tests="3" failures="0" timestamp="2021-08-25T10:51:02 UTC" time="7.009" errors="0">
  <testcase name="registerSuccess" time="2.559" classname="testCases.RegistrationTests"/>
  <system-out/>
  <testcase name="registerUnsuccess" time="1.735" classname="testCases.RegistrationTests"/>
  <system-out/>
  <testcase name="registerSuccess" time="2.715" classname="testCases.RegistrationTests"/>
  <system-out/>
</testsuite> <!-- testCases.RegistrationTests -->
