<?xml version="1.0" encoding="UTF-8"?>
<!-- Generated by org.testng.reporters.JUnitReportReporter -->
<testsuite hostname="DESKTOP-MCPG6KU" failures="0" tests="3" name="testCases.RegistrationTests" time="6.177" errors="0" timestamp="2021-08-23T18:55:52 CEST" skipped="0">
  <testcase classname="testCases.RegistrationTests" name="registerUnsuccess" time="1.635"/>
  <system-out/>
  <testcase classname="testCases.RegistrationTests" name="registerSuccess" time="2.312"/>
  <system-out/>
  <testcase classname="testCases.RegistrationTests" name="registerSuccess" time="2.230"/>
  <system-out/>
</testsuite> <!-- testCases.RegistrationTests -->
