<?xml version="1.0" encoding="UTF-8"?>
<!-- Generated by org.testng.reporters.JUnitReportReporter -->
<testsuite hostname="DESKTOP-MCPG6KU" failures="0" tests="3" name="testCases.CreateBlogTests" time="11.076" errors="0" timestamp="2021-08-23T18:55:52 CEST" skipped="0">
  <testcase classname="testCases.CreateBlogTests" name="createBlogUrlAlreadyTaken" time="1.761"/>
  <system-out/>
  <testcase classname="testCases.CreateBlogTests" name="createBlogLeavingBlankField" time="1.770"/>
  <system-out/>
  <testcase classname="testCases.CreateBlogTests" name="createBlogSuccess" time="7.545"/>
  <system-out/>
</testsuite> <!-- testCases.CreateBlogTests -->
