<?xml version="1.0" encoding="UTF-8"?>
<!-- Generated by org.testng.reporters.JUnitReportReporter -->
<testsuite skipped="0" hostname="fv-az34-479" name="testCases.CreateBlogTests" tests="3" failures="0" timestamp="2021-08-25T10:55:15 UTC" time="10.249" errors="0">
  <testcase name="createBlogSuccess" time="6.241" classname="testCases.CreateBlogTests"/>
  <system-out/>
  <testcase name="createBlogUrlAlreadyTaken" time="1.809" classname="testCases.CreateBlogTests"/>
  <system-out/>
  <testcase name="createBlogLeavingBlankField" time="2.199" classname="testCases.CreateBlogTests"/>
  <system-out/>
</testsuite> <!-- testCases.CreateBlogTests -->
