<?xml version="1.0" encoding="UTF-8"?>
<!-- Generated by org.testng.reporters.JUnitReportReporter -->
<testsuite skipped="0" hostname="fv-az34-479" name="testCases.ListRegisteredUsersTests" tests="2" failures="0" timestamp="2021-08-25T10:55:15 UTC" time="3.160" errors="0">
  <testcase name="listUsers" time="1.394" classname="testCases.ListRegisteredUsersTests"/>
  <system-out/>
  <testcase name="traversingList" time="1.766" classname="testCases.ListRegisteredUsersTests"/>
  <system-out/>
</testsuite> <!-- testCases.ListRegisteredUsersTests -->
