<?xml version="1.0" encoding="UTF-8"?>
<!-- Generated by org.testng.reporters.JUnitReportReporter -->
<testsuite skipped="0" hostname="fv-az34-479" name="testCases.LogoutTests" tests="2" failures="0" timestamp="2021-08-25T10:55:15 UTC" time="1.594" errors="0">
  <testcase name="afterLogoutTryGoBackToPreviusPage" time="0.793" classname="testCases.LogoutTests"/>
  <system-out/>
  <testcase name="logOut" time="0.801" classname="testCases.LogoutTests"/>
  <system-out/>
</testsuite> <!-- testCases.LogoutTests -->
