<?xml version="1.0" encoding="UTF-8"?>
<!-- Generated by org.testng.reporters.JUnitReportReporter -->
<testsuite skipped="0" hostname="fv-az56-348" name="testCases.LoginTests" tests="4" failures="0" timestamp="2021-08-25T10:51:02 UTC" time="4.196" errors="0">
  <testcase name="successfulLogin" time="1.024" classname="testCases.LoginTests"/>
  <system-out/>
  <testcase name="unsuccessfulLogin" time="0.442" classname="testCases.LoginTests"/>
  <system-out/>
  <testcase name="successfulLogin" time="2.130" classname="testCases.LoginTests"/>
  <system-out/>
  <testcase name="unsuccessfulLogin" time="0.600" classname="testCases.LoginTests"/>
  <system-out/>
</testsuite> <!-- testCases.LoginTests -->
