<?xml version="1.0" encoding="UTF-8"?>
<!-- Generated by org.testng.reporters.JUnitReportReporter -->
<testsuite skipped="0" hostname="fv-az56-348" name="testCases.ListRegisteredUsersTests" tests="2" failures="0" timestamp="2021-08-25T10:51:02 UTC" time="4.039" errors="0">
  <testcase name="listUsers" time="1.814" classname="testCases.ListRegisteredUsersTests"/>
  <system-out/>
  <testcase name="traversingList" time="2.225" classname="testCases.ListRegisteredUsersTests"/>
  <system-out/>
</testsuite> <!-- testCases.ListRegisteredUsersTests -->
