<?xml version="1.0" encoding="UTF-8"?>
<!-- Generated by org.testng.reporters.JUnitReportReporter -->
<testsuite skipped="0" hostname="fv-az34-479" name="testCases.EditBlogTests" tests="3" failures="0" timestamp="2021-08-25T10:55:15 UTC" time="20.644" errors="0">
  <testcase name="editBlogUnSuccessTakenUrl" time="5.531" classname="testCases.EditBlogTests"/>
  <system-out/>
  <testcase name="editBlogSuccess" time="9.704" classname="testCases.EditBlogTests"/>
  <system-out/>
  <testcase name="editBlogUnSuccessBlankField" time="5.409" classname="testCases.EditBlogTests"/>
  <system-out/>
</testsuite> <!-- testCases.EditBlogTests -->
