<?xml version="1.0" encoding="UTF-8"?>
<!-- Generated by org.testng.reporters.JUnitReportReporter -->
<testsuite skipped="0" hostname="fv-az56-348" name="testCases.LogoutTests" tests="2" failures="0" timestamp="2021-08-25T10:51:02 UTC" time="2.372" errors="0">
  <testcase name="afterLogoutTryGoBackToPreviusPage" time="1.256" classname="testCases.LogoutTests"/>
  <system-out/>
  <testcase name="logOut" time="1.116" classname="testCases.LogoutTests"/>
  <system-out/>
</testsuite> <!-- testCases.LogoutTests -->
