<?xml version="1.0" encoding="UTF-8"?>
<!-- Generated by org.testng.reporters.JUnitReportReporter -->
<testsuite hostname="DESKTOP-MCPG6KU" failures="0" tests="4" name="testCases.LoginTests" time="4.648" errors="0" timestamp="2021-08-23T18:55:52 CEST" skipped="0">
  <testcase classname="testCases.LoginTests" name="unsuccessfulLogin" time="0.346"/>
  <system-out/>
  <testcase classname="testCases.LoginTests" name="successfulLogin" time="2.033"/>
  <system-out/>
  <testcase classname="testCases.LoginTests" name="successfulLogin" time="1.891"/>
  <system-out/>
  <testcase classname="testCases.LoginTests" name="unsuccessfulLogin" time="0.378"/>
  <system-out/>
</testsuite> <!-- testCases.LoginTests -->
