<?xml version="1.0" encoding="UTF-8"?>
<!-- Generated by org.testng.reporters.JUnitReportReporter -->
<testsuite skipped="0" hostname="fv-az56-348" name="testCases.CreateBlogTests" tests="3" failures="0" timestamp="2021-08-25T10:51:02 UTC" time="12.859" errors="0">
  <testcase name="createBlogSuccess" time="7.410" classname="testCases.CreateBlogTests"/>
  <system-out/>
  <testcase name="createBlogUrlAlreadyTaken" time="2.262" classname="testCases.CreateBlogTests"/>
  <system-out/>
  <testcase name="createBlogLeavingBlankField" time="3.187" classname="testCases.CreateBlogTests"/>
  <system-out/>
</testsuite> <!-- testCases.CreateBlogTests -->
