<?xml version="1.0" encoding="UTF-8"?>
<!-- Generated by org.testng.reporters.JUnitReportReporter -->
<testsuite skipped="0" hostname="fv-az56-348" name="testCases.PrivacyPolicyTests" tests="1" failures="0" timestamp="2021-08-25T10:51:02 UTC" time="1.728" errors="0">
  <testcase name="validatePrivacyPolicyText" time="1.728" classname="testCases.PrivacyPolicyTests"/>
  <system-out/>
</testsuite> <!-- testCases.PrivacyPolicyTests -->
