<?xml version="1.0" encoding="UTF-8"?>
<!-- Generated by org.testng.reporters.JUnitReportReporter -->
<testsuite hostname="DESKTOP-MCPG6KU" failures="0" tests="1" name="testCases.PrivacyPolicyTests" time="5.168" errors="0" timestamp="2021-08-23T18:55:52 CEST" skipped="0">
  <testcase classname="testCases.PrivacyPolicyTests" name="validatePrivacyPolicyText" time="5.168"/>
  <system-out/>
</testsuite> <!-- testCases.PrivacyPolicyTests -->
