<?xml version="1.0" encoding="UTF-8"?>
<!-- Generated by org.testng.reporters.JUnitReportReporter -->
<testsuite skipped="0" hostname="fv-az34-479" name="testCases.LoginTests" tests="4" failures="0" timestamp="2021-08-25T10:55:15 UTC" time="2.952" errors="0">
  <testcase name="unsuccessfulLogin" time="0.366" classname="testCases.LoginTests"/>
  <system-out/>
  <testcase name="successfulLogin" time="0.702" classname="testCases.LoginTests"/>
  <system-out/>
  <testcase name="unsuccessfulLogin" time="0.361" classname="testCases.LoginTests"/>
  <system-out/>
  <testcase name="successfulLogin" time="1.523" classname="testCases.LoginTests"/>
  <system-out/>
</testsuite> <!-- testCases.LoginTests -->
