<?xml version="1.0" encoding="UTF-8"?>
<!-- Generated by org.testng.reporters.JUnitReportReporter -->
<testsuite hostname="DESKTOP-MCPG6KU" failures="0" tests="3" name="testCases.EditBlogTests" time="22.065" errors="0" timestamp="2021-08-23T18:55:52 CEST" skipped="0">
  <testcase classname="testCases.EditBlogTests" name="editBlogUnSuccessBlankField" time="5.770"/>
  <system-out/>
  <testcase classname="testCases.EditBlogTests" name="editBlogUnSuccessTakenUrl" time="5.923"/>
  <system-out/>
  <testcase classname="testCases.EditBlogTests" name="editBlogSuccess" time="10.372"/>
  <system-out/>
</testsuite> <!-- testCases.EditBlogTests -->
