<?xml version="1.0" encoding="UTF-8"?>
<!-- Generated by org.testng.reporters.JUnitReportReporter -->
<testsuite skipped="0" hostname="fv-az34-479" name="testCases.RegistrationTests" tests="3" failures="0" timestamp="2021-08-25T10:55:15 UTC" time="5.368" errors="0">
  <testcase name="registerSuccess" time="2.095" classname="testCases.RegistrationTests"/>
  <system-out/>
  <testcase name="registerUnsuccess" time="1.337" classname="testCases.RegistrationTests"/>
  <system-out/>
  <testcase name="registerSuccess" time="1.936" classname="testCases.RegistrationTests"/>
  <system-out/>
</testsuite> <!-- testCases.RegistrationTests -->
