<?xml version="1.0" encoding="UTF-8"?>
<!-- Generated by org.testng.reporters.JUnitReportReporter -->
<testsuite hostname="DESKTOP-MCPG6KU" failures="0" tests="2" name="testCases.DeleteBlogTests" time="21.903" errors="0" timestamp="2021-08-23T18:55:52 CEST" skipped="0">
  <testcase classname="testCases.DeleteBlogTests" name="deleteBlog_CheckIfVanishedFromAdminPage" time="15.675"/>
  <system-out/>
  <testcase classname="testCases.DeleteBlogTests" name="deleteBlog_CheckIfBlog_s_PageDeleted" time="6.228"/>
  <system-out/>
</testsuite> <!-- testCases.DeleteBlogTests -->
